2021-01-30T00:20:12+00:00 CRITICAL Uncaught Error: Call to a member function get_price() on string in /Applications/MAMP/htdocs/inspiry1.2/wp-content/themes/inspiry-theme/inc/woocommerce.php:72
Stack trace:
#0 /Applications/MAMP/htdocs/inspiry1.2/wp-includes/class-wp-hook.php(287): {closure}('')
#1 /Applications/MAMP/htdocs/inspiry1.2/wp-includes/class-wp-hook.php(311): WP_Hook->apply_filters(NULL, Array)
#2 /Applications/MAMP/htdocs/inspiry1.2/wp-includes/plugin.php(478): WP_Hook->do_action(Array)
#3 /Applications/MAMP/htdocs/inspiry1.2/wp-content/themes/inspiry-theme/woocommerce/content-single-product.php(43): do_action('woocommerce_bef...')
#4 /Applications/MAMP/htdocs/inspiry1.2/wp-includes/template.php(732): require('/Applications/M...')
#5 /Applications/MAMP/htdocs/inspiry1.2/wp-content/plugins/woocommerce/includes/wc-core-functions.php(284): load_template('/Applications/M...', false)
#6 /Applications/MAMP/htdocs/inspiry1.2/wp-content/themes/inspiry-theme/woocommerce/single-product.php(37): wc_get_template_part('content', 'single-product in /Applications/MAMP/htdocs/inspiry1.2/wp-content/themes/inspiry-theme/inc/woocommerce.php on line 72

2021-01-30T00:20:15+00:00 CRITICAL Uncaught Error: Call to a member function get_price() on string in /Applications/MAMP/htdocs/inspiry1.2/wp-content/themes/inspiry-theme/inc/woocommerce.php:72
Stack trace:
#0 /Applications/MAMP/htdocs/inspiry1.2/wp-includes/class-wp-hook.php(287): {closure}('')
#1 /Applications/MAMP/htdocs/inspiry1.2/wp-includes/class-wp-hook.php(311): WP_Hook->apply_filters(NULL, Array)
#2 /Applications/MAMP/htdocs/inspiry1.2/wp-includes/plugin.php(478): WP_Hook->do_action(Array)
#3 /Applications/MAMP/htdocs/inspiry1.2/wp-content/themes/inspiry-theme/woocommerce/content-single-product.php(43): do_action('woocommerce_bef...')
#4 /Applications/MAMP/htdocs/inspiry1.2/wp-includes/template.php(732): require('/Applications/M...')
#5 /Applications/MAMP/htdocs/inspiry1.2/wp-content/plugins/woocommerce/includes/wc-core-functions.php(284): load_template('/Applications/M...', false)
#6 /Applications/MAMP/htdocs/inspiry1.2/wp-content/themes/inspiry-theme/woocommerce/single-product.php(37): wc_get_template_part('content', 'single-product in /Applications/MAMP/htdocs/inspiry1.2/wp-content/themes/inspiry-theme/inc/woocommerce.php on line 72

2021-01-30T00:20:33+00:00 CRITICAL Uncaught Error: Call to a member function get_price() on string in /Applications/MAMP/htdocs/inspiry1.2/wp-content/themes/inspiry-theme/inc/woocommerce.php:72
Stack trace:
#0 /Applications/MAMP/htdocs/inspiry1.2/wp-includes/class-wp-hook.php(287): {closure}('')
#1 /Applications/MAMP/htdocs/inspiry1.2/wp-includes/class-wp-hook.php(311): WP_Hook->apply_filters(NULL, Array)
#2 /Applications/MAMP/htdocs/inspiry1.2/wp-includes/plugin.php(478): WP_Hook->do_action(Array)
#3 /Applications/MAMP/htdocs/inspiry1.2/wp-content/themes/inspiry-theme/woocommerce/content-single-product.php(43): do_action('woocommerce_bef...')
#4 /Applications/MAMP/htdocs/inspiry1.2/wp-includes/template.php(732): require('/Applications/M...')
#5 /Applications/MAMP/htdocs/inspiry1.2/wp-content/plugins/woocommerce/includes/wc-core-functions.php(284): load_template('/Applications/M...', false)
#6 /Applications/MAMP/htdocs/inspiry1.2/wp-content/themes/inspiry-theme/woocommerce/single-product.php(37): wc_get_template_part('content', 'single-product in /Applications/MAMP/htdocs/inspiry1.2/wp-content/themes/inspiry-theme/inc/woocommerce.php on line 72

2021-01-30T00:21:09+00:00 CRITICAL Uncaught Error: Call to a member function get_price() on string in /Applications/MAMP/htdocs/inspiry1.2/wp-content/themes/inspiry-theme/inc/woocommerce.php:74
Stack trace:
#0 /Applications/MAMP/htdocs/inspiry1.2/wp-includes/class-wp-hook.php(287): {closure}('')
#1 /Applications/MAMP/htdocs/inspiry1.2/wp-includes/class-wp-hook.php(311): WP_Hook->apply_filters(NULL, Array)
#2 /Applications/MAMP/htdocs/inspiry1.2/wp-includes/plugin.php(478): WP_Hook->do_action(Array)
#3 /Applications/MAMP/htdocs/inspiry1.2/wp-content/themes/inspiry-theme/woocommerce/content-single-product.php(43): do_action('woocommerce_bef...')
#4 /Applications/MAMP/htdocs/inspiry1.2/wp-includes/template.php(732): require('/Applications/M...')
#5 /Applications/MAMP/htdocs/inspiry1.2/wp-content/plugins/woocommerce/includes/wc-core-functions.php(284): load_template('/Applications/M...', false)
#6 /Applications/MAMP/htdocs/inspiry1.2/wp-content/themes/inspiry-theme/woocommerce/single-product.php(37): wc_get_template_part('content', 'single-product in /Applications/MAMP/htdocs/inspiry1.2/wp-content/themes/inspiry-theme/inc/woocommerce.php on line 74

2021-01-30T03:43:19+00:00 CRITICAL Uncaught Error: Call to a member function get_image() on null in /Applications/MAMP/htdocs/inspiry1.2/wp-content/themes/inspiry-theme/woocommerce/cart/cart.php:29
Stack trace:
#0 /Applications/MAMP/htdocs/inspiry1.2/wp-content/plugins/woocommerce/includes/wc-core-functions.php(345): include()
#1 /Applications/MAMP/htdocs/inspiry1.2/wp-content/plugins/woocommerce/includes/shortcodes/class-wc-shortcode-cart.php(99): wc_get_template('cart/cart.php')
#2 /Applications/MAMP/htdocs/inspiry1.2/wp-content/plugins/woocommerce/includes/class-wc-shortcodes.php(72): WC_Shortcode_Cart::output(Array)
#3 /Applications/MAMP/htdocs/inspiry1.2/wp-content/plugins/woocommerce/includes/class-wc-shortcodes.php(85): WC_Shortcodes::shortcode_wrapper(Array)
#4 /Applications/MAMP/htdocs/inspiry1.2/wp-includes/shortcodes.php(343): WC_Shortcodes::cart('', '', 'woocommerce_car...')
#5 [internal function]: do_shortcode_tag(Array)
#6 /Applications/MAMP/htdocs/inspiry1.2/wp-includes/shortcodes.php(218): preg_replace_callback('/\\[(\\[?)(wooc in /Applications/MAMP/htdocs/inspiry1.2/wp-content/themes/inspiry-theme/woocommerce/cart/cart.php on line 29

2021-01-30T03:46:23+00:00 CRITICAL Uncaught Error: Call to a member function get_name() on null in /Applications/MAMP/htdocs/inspiry1.2/wp-content/themes/inspiry-theme/woocommerce/cart/cart.php:29
Stack trace:
#0 /Applications/MAMP/htdocs/inspiry1.2/wp-content/plugins/woocommerce/includes/wc-core-functions.php(345): include()
#1 /Applications/MAMP/htdocs/inspiry1.2/wp-content/plugins/woocommerce/includes/shortcodes/class-wc-shortcode-cart.php(99): wc_get_template('cart/cart.php')
#2 /Applications/MAMP/htdocs/inspiry1.2/wp-content/plugins/woocommerce/includes/class-wc-shortcodes.php(72): WC_Shortcode_Cart::output(Array)
#3 /Applications/MAMP/htdocs/inspiry1.2/wp-content/plugins/woocommerce/includes/class-wc-shortcodes.php(85): WC_Shortcodes::shortcode_wrapper(Array)
#4 /Applications/MAMP/htdocs/inspiry1.2/wp-includes/shortcodes.php(343): WC_Shortcodes::cart('', '', 'woocommerce_car...')
#5 [internal function]: do_shortcode_tag(Array)
#6 /Applications/MAMP/htdocs/inspiry1.2/wp-includes/shortcodes.php(218): preg_replace_callback('/\\[(\\[?)(wooco in /Applications/MAMP/htdocs/inspiry1.2/wp-content/themes/inspiry-theme/woocommerce/cart/cart.php on line 29

2021-01-30T03:46:40+00:00 CRITICAL Uncaught Error: Call to a member function get_name() on null in /Applications/MAMP/htdocs/inspiry1.2/wp-content/themes/inspiry-theme/woocommerce/cart/cart.php:29
Stack trace:
#0 /Applications/MAMP/htdocs/inspiry1.2/wp-content/plugins/woocommerce/includes/wc-core-functions.php(345): include()
#1 /Applications/MAMP/htdocs/inspiry1.2/wp-content/plugins/woocommerce/includes/shortcodes/class-wc-shortcode-cart.php(99): wc_get_template('cart/cart.php')
#2 /Applications/MAMP/htdocs/inspiry1.2/wp-content/plugins/woocommerce/includes/class-wc-shortcodes.php(72): WC_Shortcode_Cart::output(Array)
#3 /Applications/MAMP/htdocs/inspiry1.2/wp-content/plugins/woocommerce/includes/class-wc-shortcodes.php(85): WC_Shortcodes::shortcode_wrapper(Array)
#4 /Applications/MAMP/htdocs/inspiry1.2/wp-includes/shortcodes.php(343): WC_Shortcodes::cart('', '', 'woocommerce_car...')
#5 [internal function]: do_shortcode_tag(Array)
#6 /Applications/MAMP/htdocs/inspiry1.2/wp-includes/shortcodes.php(218): preg_replace_callback('/\\[(\\[?)(wooco in /Applications/MAMP/htdocs/inspiry1.2/wp-content/themes/inspiry-theme/woocommerce/cart/cart.php on line 29

2021-01-30T03:47:30+00:00 CRITICAL Uncaught Error: Call to a member function get_name() on bool in /Applications/MAMP/htdocs/inspiry1.2/wp-content/themes/inspiry-theme/woocommerce/cart/cart.php:31
Stack trace:
#0 /Applications/MAMP/htdocs/inspiry1.2/wp-content/plugins/woocommerce/includes/wc-core-functions.php(345): include()
#1 /Applications/MAMP/htdocs/inspiry1.2/wp-content/plugins/woocommerce/includes/shortcodes/class-wc-shortcode-cart.php(99): wc_get_template('cart/cart.php')
#2 /Applications/MAMP/htdocs/inspiry1.2/wp-content/plugins/woocommerce/includes/class-wc-shortcodes.php(72): WC_Shortcode_Cart::output(Array)
#3 /Applications/MAMP/htdocs/inspiry1.2/wp-content/plugins/woocommerce/includes/class-wc-shortcodes.php(85): WC_Shortcodes::shortcode_wrapper(Array)
#4 /Applications/MAMP/htdocs/inspiry1.2/wp-includes/shortcodes.php(343): WC_Shortcodes::cart('', '', 'woocommerce_car...')
#5 [internal function]: do_shortcode_tag(Array)
#6 /Applications/MAMP/htdocs/inspiry1.2/wp-includes/shortcodes.php(218): preg_replace_callback('/\\[(\\[?)(wooco in /Applications/MAMP/htdocs/inspiry1.2/wp-content/themes/inspiry-theme/woocommerce/cart/cart.php on line 31

2021-01-30T03:47:56+00:00 CRITICAL Uncaught Error: Call to a member function get_short_description() on bool in /Applications/MAMP/htdocs/inspiry1.2/wp-content/themes/inspiry-theme/woocommerce/cart/cart.php:31
Stack trace:
#0 /Applications/MAMP/htdocs/inspiry1.2/wp-content/plugins/woocommerce/includes/wc-core-functions.php(345): include()
#1 /Applications/MAMP/htdocs/inspiry1.2/wp-content/plugins/woocommerce/includes/shortcodes/class-wc-shortcode-cart.php(99): wc_get_template('cart/cart.php')
#2 /Applications/MAMP/htdocs/inspiry1.2/wp-content/plugins/woocommerce/includes/class-wc-shortcodes.php(72): WC_Shortcode_Cart::output(Array)
#3 /Applications/MAMP/htdocs/inspiry1.2/wp-content/plugins/woocommerce/includes/class-wc-shortcodes.php(85): WC_Shortcodes::shortcode_wrapper(Array)
#4 /Applications/MAMP/htdocs/inspiry1.2/wp-includes/shortcodes.php(343): WC_Shortcodes::cart('', '', 'woocommerce_car...')
#5 [internal function]: do_shortcode_tag(Array)
#6 /Applications/MAMP/htdocs/inspiry1.2/wp-includes/shortcodes.php(218): preg_replace_callback('/\\ in /Applications/MAMP/htdocs/inspiry1.2/wp-content/themes/inspiry-theme/woocommerce/cart/cart.php on line 31

