[2020-10-25 04:59:48] BigCommerce.INFO: Starting import [] []
[2020-10-25 04:59:50] BigCommerce.INFO: Running import task {"state":"started","description":"Fetching store information"} []
[2020-10-25 04:59:50] BigCommerce.DEBUG: Requesting store settings [] []
[2020-10-25 04:59:51] BigCommerce.DEBUG: Retrieved store settings {"settings":{"bigcommerce_domain":"inspiry.mybigcommerce.com","bigcommerce_currency_code":"NZD","bigcommerce_currency_symbol":"$","bigcommerce_currency_symbol_position":"left","bigcommerce_decimal_units":2,"bigcommerce_integer_units":0,"bigcommerce_mass_unit":"kg","bigcommerce_length_unit":"cm","bigcommerce_wishlists_enabled":1,"bigcommerce_facebook_pixel_id":"","bigcommerce_google_analytics_id":""}} []
[2020-10-25 04:59:52] BigCommerce.INFO: Running import task {"state":"fetched_store","description":"Retrieving currency settings"} []
[2020-10-25 04:59:52] BigCommerce.DEBUG: Requesting currency settings [] []
[2020-10-25 04:59:56] BigCommerce.INFO: Running import task {"state":"fetched_currencies","description":"Removing Categories"} []
[2020-10-25 04:59:56] BigCommerce.DEBUG: Removing deleted terms for bigcommerce_category taxonomy {"page":1,"limit":50,"taxonomy":"bigcommerce_category"} []
[2020-10-25 04:59:59] BigCommerce.INFO: Running import task {"state":"purged_categories","description":"Removing Brands"} []
[2020-10-25 04:59:59] BigCommerce.DEBUG: Removing deleted terms for bigcommerce_brand taxonomy {"page":1,"limit":50,"taxonomy":"bigcommerce_brand"} []
[2020-10-25 05:00:02] BigCommerce.INFO: Running import task {"state":"purged_brands","description":"Updating Categories"} []
[2020-10-25 05:00:02] BigCommerce.DEBUG: Importing terms for bigcommerce_category taxonomy {"page":1,"limit":5,"taxonomy":"bigcommerce_category"} []
[2020-10-25 05:00:03] BigCommerce.DEBUG: bigcommerce_category import ready for next page of terms {"next":2,"taxonomy":"bigcommerce_category"} []
[2020-10-25 05:00:05] BigCommerce.INFO: Running import task {"state":"updating_categories","description":"Updating Categories"} []
[2020-10-25 05:00:05] BigCommerce.DEBUG: Importing terms for bigcommerce_category taxonomy {"page":2,"limit":5,"taxonomy":"bigcommerce_category"} []
[2020-10-25 05:00:06] BigCommerce.DEBUG: bigcommerce_category import ready for next page of terms {"next":3,"taxonomy":"bigcommerce_category"} []
[2020-10-25 05:00:09] BigCommerce.INFO: Running import task {"state":"updating_categories","description":"Updating Categories"} []
[2020-10-25 05:00:09] BigCommerce.DEBUG: Importing terms for bigcommerce_category taxonomy {"page":3,"limit":5,"taxonomy":"bigcommerce_category"} []
[2020-10-25 05:00:09] BigCommerce.DEBUG: bigcommerce_category import ready for next page of terms {"next":4,"taxonomy":"bigcommerce_category"} []
[2020-10-25 05:00:12] BigCommerce.INFO: Running import task {"state":"updating_categories","description":"Updating Categories"} []
[2020-10-25 05:00:12] BigCommerce.DEBUG: Importing terms for bigcommerce_category taxonomy {"page":4,"limit":5,"taxonomy":"bigcommerce_category"} []
[2020-10-25 05:00:13] BigCommerce.DEBUG: bigcommerce_category import ready for next page of terms {"next":5,"taxonomy":"bigcommerce_category"} []
[2020-10-25 05:00:15] BigCommerce.INFO: Running import task {"state":"updating_categories","description":"Updating Categories"} []
[2020-10-25 05:00:15] BigCommerce.DEBUG: Importing terms for bigcommerce_category taxonomy {"page":5,"limit":5,"taxonomy":"bigcommerce_category"} []
[2020-10-25 05:00:16] BigCommerce.DEBUG: bigcommerce_category import ready for next page of terms {"next":6,"taxonomy":"bigcommerce_category"} []
[2020-10-25 05:00:18] BigCommerce.INFO: Running import task {"state":"updating_categories","description":"Updating Categories"} []
[2020-10-25 05:00:18] BigCommerce.DEBUG: Importing terms for bigcommerce_category taxonomy {"page":6,"limit":5,"taxonomy":"bigcommerce_category"} []
[2020-10-25 05:00:19] BigCommerce.DEBUG: bigcommerce_category import ready for next page of terms {"next":7,"taxonomy":"bigcommerce_category"} []
[2020-10-25 05:00:21] BigCommerce.INFO: Running import task {"state":"updating_categories","description":"Updating Categories"} []
[2020-10-25 05:00:21] BigCommerce.DEBUG: Importing terms for bigcommerce_category taxonomy {"page":7,"limit":5,"taxonomy":"bigcommerce_category"} []
[2020-10-25 05:00:22] BigCommerce.DEBUG: bigcommerce_category import ready for next page of terms {"next":8,"taxonomy":"bigcommerce_category"} []
[2020-10-25 05:00:24] BigCommerce.INFO: Running import task {"state":"updating_categories","description":"Updating Categories"} []
[2020-10-25 05:00:24] BigCommerce.DEBUG: Importing terms for bigcommerce_category taxonomy {"page":8,"limit":5,"taxonomy":"bigcommerce_category"} []
[2020-10-25 05:00:25] BigCommerce.DEBUG: bigcommerce_category import ready for next page of terms {"next":9,"taxonomy":"bigcommerce_category"} []
[2020-10-25 05:00:27] BigCommerce.INFO: Running import task {"state":"updating_categories","description":"Updating Categories"} []
[2020-10-25 05:00:27] BigCommerce.DEBUG: Importing terms for bigcommerce_category taxonomy {"page":9,"limit":5,"taxonomy":"bigcommerce_category"} []
[2020-10-25 05:00:31] BigCommerce.INFO: Running import task {"state":"updated_categories","description":"Updating Brands"} []
[2020-10-25 05:00:31] BigCommerce.DEBUG: Importing terms for bigcommerce_brand taxonomy {"page":1,"limit":5,"taxonomy":"bigcommerce_brand"} []
[2020-10-25 05:00:32] BigCommerce.DEBUG: bigcommerce_brand import ready for next page of terms {"next":2,"taxonomy":"bigcommerce_brand"} []
[2020-10-25 05:00:34] BigCommerce.INFO: Running import task {"state":"updating_brands","description":"Updating Brands"} []
[2020-10-25 05:00:34] BigCommerce.DEBUG: Importing terms for bigcommerce_brand taxonomy {"page":2,"limit":5,"taxonomy":"bigcommerce_brand"} []
[2020-10-25 05:00:37] BigCommerce.INFO: Running import task {"state":"updated_brands","description":"Regenerating Product Images"} []
[2020-10-25 05:00:37] BigCommerce.DEBUG: No images found requiring regeneration [] []
[2020-10-25 05:00:37] BigCommerce.INFO: Running import task {"state":"resized_images","description":"Fetching existing listings from the BigCommerce API for channel localhost-inspiry"} []
[2020-10-25 05:00:37] BigCommerce.DEBUG: Retrieving listings {"limit":50,"after":null} []
[2020-10-25 05:00:41] BigCommerce.INFO: Running import task {"state":"fetched_listings-114","description":"Adding listings to channel localhost-inspiry"} []
[2020-10-25 05:00:41] BigCommerce.DEBUG: Skipping channel initialization due to settings [] []
[2020-10-25 05:00:41] BigCommerce.INFO: Running import task {"state":"initialized_channel-114","description":"Fetching product data from the BigCommerce API"} []
[2020-10-25 05:00:41] BigCommerce.DEBUG: Retrieving product data {"limit":10,"after":null} []
[2020-10-25 05:00:41] BigCommerce.DEBUG: Retrieving products found in listings {"limit":10,"ids":[2559,2558,2557,2556,2555,2554,2553,2552,2551,2550]} []
[2020-10-25 05:00:42] BigCommerce.DEBUG: Adding products to the import queue {"count":10} []
[2020-10-25 05:00:42] BigCommerce.DEBUG: Ready for next page of products {"next":1} []
[2020-10-25 05:00:45] BigCommerce.INFO: Running import task {"state":"fetching_products","description":"Fetching product data from the BigCommerce API"} []
[2020-10-25 05:00:45] BigCommerce.DEBUG: Retrieving product data {"limit":10,"after":1} []
[2020-10-25 05:00:45] BigCommerce.DEBUG: Retrieving products found in listings {"limit":10,"ids":[2549,2548,2547,2546,2545,2544,2543,2542,2541,2540]} []
[2020-10-25 05:00:47] BigCommerce.DEBUG: Adding products to the import queue {"count":10} []
[2020-10-25 05:00:47] BigCommerce.DEBUG: Ready for next page of products {"next":2} []
[2020-10-25 05:00:48] BigCommerce.INFO: Running import task {"state":"fetching_products","description":"Fetching product data from the BigCommerce API"} []
[2020-10-25 05:00:48] BigCommerce.DEBUG: Retrieving product data {"limit":10,"after":2} []
[2020-10-25 05:00:48] BigCommerce.DEBUG: Retrieving products found in listings {"limit":10,"ids":[2539,2538,2537,2536,2535,2534,2533,2532,2531,2530]} []
[2020-10-25 05:00:49] BigCommerce.DEBUG: Adding products to the import queue {"count":10} []
[2020-10-25 05:00:49] BigCommerce.DEBUG: Ready for next page of products {"next":3} []
[2020-10-25 05:00:55] BigCommerce.INFO: Running import task {"state":"fetching_products","description":"Fetching product data from the BigCommerce API"} []
[2020-10-25 05:00:55] BigCommerce.DEBUG: Retrieving product data {"limit":10,"after":3} []
[2020-10-25 05:00:55] BigCommerce.DEBUG: Retrieving products found in listings {"limit":10,"ids":[2529,2528,2527,2526,2525,2524,2523,2522,2521,2520]} []
[2020-10-25 05:00:56] BigCommerce.DEBUG: Adding products to the import queue {"count":10} []
[2020-10-25 05:00:57] BigCommerce.DEBUG: Ready for next page of products {"next":4} []
[2020-10-25 05:00:57] BigCommerce.INFO: Running import task {"state":"fetching_products","description":"Fetching product data from the BigCommerce API"} []
[2020-10-25 05:00:57] BigCommerce.DEBUG: Retrieving product data {"limit":10,"after":4} []
[2020-10-25 05:00:57] BigCommerce.DEBUG: Retrieving products found in listings {"limit":10,"ids":[2519,2518,2517,2516,2515,2514,2513,2512,2511,2510]} []
[2020-10-25 05:00:58] BigCommerce.DEBUG: Adding products to the import queue {"count":10} []
[2020-10-25 05:01:01] BigCommerce.INFO: Running import task {"state":"fetched_products","description":"Identifying posts to remove from WordPress"} []
[2020-10-25 05:01:01] BigCommerce.INFO: Running import task {"state":"marked_deleted_products","description":"Importing products"} []
[2020-10-25 05:01:01] BigCommerce.DEBUG: Handling record from import queue {"record_id":"9531","name":"a5edbc740d0b90f2ab86e94b21e85d57","attempt":"0","action":"update"} []
[2020-10-25 05:01:13] BigCommerce.DEBUG: Product imported successfully {"product_id":2550,"channel":114} []
[2020-10-25 05:01:13] BigCommerce.DEBUG: Handling record from import queue {"record_id":"9532","name":"da85fc9f7dcb1ece8232321420415601","attempt":"0","action":"update"} []
[2020-10-25 05:01:24] BigCommerce.DEBUG: Product imported successfully {"product_id":2551,"channel":114} []
[2020-10-25 05:01:24] BigCommerce.DEBUG: Handling record from import queue {"record_id":"9533","name":"985a0c680757d6ad5cc2b70b0eafd962","attempt":"0","action":"update"} []
[2020-10-25 05:01:35] BigCommerce.DEBUG: Product imported successfully {"product_id":2552,"channel":114} []
[2020-10-25 05:01:35] BigCommerce.DEBUG: Handling record from import queue {"record_id":"9534","name":"a6584105b74ee7242e71a1c090012458","attempt":"0","action":"update"} []
[2020-10-25 05:01:46] BigCommerce.DEBUG: Product imported successfully {"product_id":2553,"channel":114} []
[2020-10-25 05:01:46] BigCommerce.DEBUG: Handling record from import queue {"record_id":"9535","name":"d68e7d5dc765cf8b02698297264491bb","attempt":"0","action":"update"} []
[2020-10-25 05:01:59] BigCommerce.DEBUG: Product imported successfully {"product_id":2554,"channel":114} []
[2020-10-25 05:01:59] BigCommerce.DEBUG: Completed import batch {"count":5,"remaining":45} []
